<?xml version="1.0" encoding="UTF-8"?>
<!-- Generated by org.testng.reporters.JUnitReportReporter -->
<testsuite hostname="DESKTOP-QQIG95F" failures="0" tests="2" name="managementArs.testCaes" time="219.988" errors="0" timestamp="2023-10-03T14:04:24 IST" skipped="0">
  <testcase classname="managementArs.testCaes" name="Login" time="14.514"/>
  <system-out/>
  <testcase classname="managementArs.testCaes" name="observationlist" time="205.474"/>
  <system-out/>
</testsuite> <!-- managementArs.testCaes -->
