<?xml version="1.0" encoding="UTF-8"?>
<!-- Generated by org.testng.reporters.JUnitReportReporter -->
<testsuite hostname="DESKTOP-QQIG95F" failures="0" tests="1" name="newauditproject.audittestcount" time="44.456" errors="0" timestamp="2023-11-27T16:04:35 IST" skipped="0">
  <testcase classname="newauditproject.audittestcount" name="openprocemediumoverdue" time="44.456"/>
  <system-out/>
</testsuite> <!-- newauditproject.audittestcount -->
